<?xml version="1.0" encoding="UTF-8"?>
<testsuite xmlns:xsi="http://www.w3.org/2001/XMLSchema-instance" xsi:noNamespaceSchemaLocation="https://maven.apache.org/surefire/maven-surefire-plugin/xsd/surefire-test-report-3.0.xsd" version="3.0" name="com.adarsh.grpcserver.SpringGrpcApplicationTests" time="1.413" tests="1" errors="0" skipped="0" failures="0">
  <properties>
    <property name="java.specification.version" value="21"/>
    <property name="sun.jnu.encoding" value="UTF-8"/>
    <property name="java.class.path" value="/Users/adarshkr/Documents/Projects/Java/Maven/grpcserver/target/test-classes:/Users/adarshkr/Documents/Projects/Java/Maven/grpcserver/target/classes:/Users/adarshkr/.m2/repository/org/springframework/boot/spring-boot-starter/3.3.4/spring-boot-starter-3.3.4.jar:/Users/adarshkr/.m2/repository/org/springframework/boot/spring-boot/3.3.4/spring-boot-3.3.4.jar:/Users/adarshkr/.m2/repository/org/springframework/spring-context/6.1.13/spring-context-6.1.13.jar:/Users/adarshkr/.m2/repository/org/springframework/spring-aop/6.1.13/spring-aop-6.1.13.jar:/Users/adarshkr/.m2/repository/org/springframework/spring-beans/6.1.13/spring-beans-6.1.13.jar:/Users/adarshkr/.m2/repository/org/springframework/spring-expression/6.1.13/spring-expression-6.1.13.jar:/Users/adarshkr/.m2/repository/io/micrometer/micrometer-observation/1.13.4/micrometer-observation-1.13.4.jar:/Users/adarshkr/.m2/repository/io/micrometer/micrometer-commons/1.13.4/micrometer-commons-1.13.4.jar:/Users/adarshkr/.m2/repository/org/springframework/boot/spring-boot-autoconfigure/3.3.4/spring-boot-autoconfigure-3.3.4.jar:/Users/adarshkr/.m2/repository/org/springframework/boot/spring-boot-starter-logging/3.3.4/spring-boot-starter-logging-3.3.4.jar:/Users/adarshkr/.m2/repository/ch/qos/logback/logback-classic/1.5.8/logback-classic-1.5.8.jar:/Users/adarshkr/.m2/repository/ch/qos/logback/logback-core/1.5.8/logback-core-1.5.8.jar:/Users/adarshkr/.m2/repository/org/apache/logging/log4j/log4j-to-slf4j/2.23.1/log4j-to-slf4j-2.23.1.jar:/Users/adarshkr/.m2/repository/org/apache/logging/log4j/log4j-api/2.23.1/log4j-api-2.23.1.jar:/Users/adarshkr/.m2/repository/org/slf4j/jul-to-slf4j/2.0.16/jul-to-slf4j-2.0.16.jar:/Users/adarshkr/.m2/repository/org/springframework/spring-core/6.1.13/spring-core-6.1.13.jar:/Users/adarshkr/.m2/repository/org/springframework/spring-jcl/6.1.13/spring-jcl-6.1.13.jar:/Users/adarshkr/.m2/repository/org/yaml/snakeyaml/2.2/snakeyaml-2.2.jar:/Users/adarshkr/.m2/repository/org/springframework/boot/spring-boot-starter-test/3.3.4/spring-boot-starter-test-3.3.4.jar:/Users/adarshkr/.m2/repository/org/springframework/boot/spring-boot-test/3.3.4/spring-boot-test-3.3.4.jar:/Users/adarshkr/.m2/repository/org/springframework/boot/spring-boot-test-autoconfigure/3.3.4/spring-boot-test-autoconfigure-3.3.4.jar:/Users/adarshkr/.m2/repository/com/jayway/jsonpath/json-path/2.9.0/json-path-2.9.0.jar:/Users/adarshkr/.m2/repository/org/slf4j/slf4j-api/2.0.16/slf4j-api-2.0.16.jar:/Users/adarshkr/.m2/repository/jakarta/xml/bind/jakarta.xml.bind-api/4.0.2/jakarta.xml.bind-api-4.0.2.jar:/Users/adarshkr/.m2/repository/jakarta/activation/jakarta.activation-api/2.1.3/jakarta.activation-api-2.1.3.jar:/Users/adarshkr/.m2/repository/net/minidev/json-smart/2.5.1/json-smart-2.5.1.jar:/Users/adarshkr/.m2/repository/net/minidev/accessors-smart/2.5.1/accessors-smart-2.5.1.jar:/Users/adarshkr/.m2/repository/org/ow2/asm/asm/9.6/asm-9.6.jar:/Users/adarshkr/.m2/repository/org/assertj/assertj-core/3.25.3/assertj-core-3.25.3.jar:/Users/adarshkr/.m2/repository/net/bytebuddy/byte-buddy/1.14.19/byte-buddy-1.14.19.jar:/Users/adarshkr/.m2/repository/org/awaitility/awaitility/4.2.2/awaitility-4.2.2.jar:/Users/adarshkr/.m2/repository/org/hamcrest/hamcrest/2.2/hamcrest-2.2.jar:/Users/adarshkr/.m2/repository/org/junit/jupiter/junit-jupiter/5.10.3/junit-jupiter-5.10.3.jar:/Users/adarshkr/.m2/repository/org/junit/jupiter/junit-jupiter-api/5.10.3/junit-jupiter-api-5.10.3.jar:/Users/adarshkr/.m2/repository/org/opentest4j/opentest4j/1.3.0/opentest4j-1.3.0.jar:/Users/adarshkr/.m2/repository/org/junit/platform/junit-platform-commons/1.10.3/junit-platform-commons-1.10.3.jar:/Users/adarshkr/.m2/repository/org/apiguardian/apiguardian-api/1.1.2/apiguardian-api-1.1.2.jar:/Users/adarshkr/.m2/repository/org/junit/jupiter/junit-jupiter-params/5.10.3/junit-jupiter-params-5.10.3.jar:/Users/adarshkr/.m2/repository/org/junit/jupiter/junit-jupiter-engine/5.10.3/junit-jupiter-engine-5.10.3.jar:/Users/adarshkr/.m2/repository/org/junit/platform/junit-platform-engine/1.10.3/junit-platform-engine-1.10.3.jar:/Users/adarshkr/.m2/repository/org/mockito/mockito-core/5.11.0/mockito-core-5.11.0.jar:/Users/adarshkr/.m2/repository/net/bytebuddy/byte-buddy-agent/1.14.19/byte-buddy-agent-1.14.19.jar:/Users/adarshkr/.m2/repository/org/objenesis/objenesis/3.3/objenesis-3.3.jar:/Users/adarshkr/.m2/repository/org/mockito/mockito-junit-jupiter/5.11.0/mockito-junit-jupiter-5.11.0.jar:/Users/adarshkr/.m2/repository/org/skyscreamer/jsonassert/1.5.3/jsonassert-1.5.3.jar:/Users/adarshkr/.m2/repository/com/vaadin/external/google/android-json/0.0.20131108.vaadin1/android-json-0.0.20131108.vaadin1.jar:/Users/adarshkr/.m2/repository/org/springframework/spring-test/6.1.13/spring-test-6.1.13.jar:/Users/adarshkr/.m2/repository/org/xmlunit/xmlunit-core/2.9.1/xmlunit-core-2.9.1.jar:/Users/adarshkr/.m2/repository/net/devh/grpc-server-spring-boot-starter/3.1.0.RELEASE/grpc-server-spring-boot-starter-3.1.0.RELEASE.jar:/Users/adarshkr/.m2/repository/net/devh/grpc-common-spring-boot/3.1.0.RELEASE/grpc-common-spring-boot-3.1.0.RELEASE.jar:/Users/adarshkr/.m2/repository/io/grpc/grpc-core/1.63.0/grpc-core-1.63.0.jar:/Users/adarshkr/.m2/repository/com/google/android/annotations/4.1.1.4/annotations-4.1.1.4.jar:/Users/adarshkr/.m2/repository/org/codehaus/mojo/animal-sniffer-annotations/1.23/animal-sniffer-annotations-1.23.jar:/Users/adarshkr/.m2/repository/io/grpc/grpc-context/1.63.0/grpc-context-1.63.0.jar:/Users/adarshkr/.m2/repository/io/grpc/grpc-inprocess/1.63.0/grpc-inprocess-1.63.0.jar:/Users/adarshkr/.m2/repository/io/grpc/grpc-netty-shaded/1.63.0/grpc-netty-shaded-1.63.0.jar:/Users/adarshkr/.m2/repository/io/grpc/grpc-util/1.63.0/grpc-util-1.63.0.jar:/Users/adarshkr/.m2/repository/io/perfmark/perfmark-api/0.26.0/perfmark-api-0.26.0.jar:/Users/adarshkr/.m2/repository/io/grpc/grpc-services/1.63.0/grpc-services-1.63.0.jar:/Users/adarshkr/.m2/repository/com/google/protobuf/protobuf-java-util/3.25.1/protobuf-java-util-3.25.1.jar:/Users/adarshkr/.m2/repository/com/google/j2objc/j2objc-annotations/2.8/j2objc-annotations-2.8.jar:/Users/adarshkr/.m2/repository/com/google/code/gson/gson/2.10.1/gson-2.10.1.jar:/Users/adarshkr/.m2/repository/io/grpc/grpc-api/1.63.0/grpc-api-1.63.0.jar:/Users/adarshkr/.m2/repository/io/grpc/grpc-stub/1.58.0/grpc-stub-1.58.0.jar:/Users/adarshkr/.m2/repository/com/google/guava/guava/32.0.1-android/guava-32.0.1-android.jar:/Users/adarshkr/.m2/repository/com/google/guava/failureaccess/1.0.1/failureaccess-1.0.1.jar:/Users/adarshkr/.m2/repository/com/google/guava/listenablefuture/9999.0-empty-to-avoid-conflict-with-guava/listenablefuture-9999.0-empty-to-avoid-conflict-with-guava.jar:/Users/adarshkr/.m2/repository/org/checkerframework/checker-qual/3.33.0/checker-qual-3.33.0.jar:/Users/adarshkr/.m2/repository/com/google/errorprone/error_prone_annotations/2.20.0/error_prone_annotations-2.20.0.jar:/Users/adarshkr/.m2/repository/io/grpc/grpc-protobuf/1.58.0/grpc-protobuf-1.58.0.jar:/Users/adarshkr/.m2/repository/com/google/code/findbugs/jsr305/3.0.2/jsr305-3.0.2.jar:/Users/adarshkr/.m2/repository/com/google/protobuf/protobuf-java/3.24.0/protobuf-java-3.24.0.jar:/Users/adarshkr/.m2/repository/com/google/api/grpc/proto-google-common-protos/2.22.0/proto-google-common-protos-2.22.0.jar:/Users/adarshkr/.m2/repository/io/grpc/grpc-protobuf-lite/1.58.0/grpc-protobuf-lite-1.58.0.jar:/Users/adarshkr/.m2/repository/jakarta/annotation/jakarta.annotation-api/1.3.5/jakarta.annotation-api-1.3.5.jar:"/>
    <property name="java.vm.vendor" value="Homebrew"/>
    <property name="sun.arch.data.model" value="64"/>
    <property name="java.vendor.url" value="https://github.com/Homebrew/homebrew-core/issues"/>
    <property name="user.timezone" value="Asia/Kolkata"/>
    <property name="os.name" value="Mac OS X"/>
    <property name="java.vm.specification.version" value="21"/>
    <property name="sun.java.launcher" value="SUN_STANDARD"/>
    <property name="user.country" value="001"/>
    <property name="sun.boot.library.path" value="/Users/adarshkr/homebrew/Cellar/openjdk@21/21.0.4/libexec/openjdk.jdk/Contents/Home/lib"/>
    <property name="sun.java.command" value="/Users/adarshkr/Documents/Projects/Java/Maven/grpcserver/target/surefire/surefirebooter-20240929170801259_3.jar /Users/adarshkr/Documents/Projects/Java/Maven/grpcserver/target/surefire 2024-09-29T17-08-01_209-jvmRun1 surefire-20240929170801259_1tmp surefire_0-20240929170801259_2tmp"/>
    <property name="http.nonProxyHosts" value="local|*.local|169.254/16|*.169.254/16"/>
    <property name="jdk.debug" value="release"/>
    <property name="surefire.test.class.path" value="/Users/adarshkr/Documents/Projects/Java/Maven/grpcserver/target/test-classes:/Users/adarshkr/Documents/Projects/Java/Maven/grpcserver/target/classes:/Users/adarshkr/.m2/repository/org/springframework/boot/spring-boot-starter/3.3.4/spring-boot-starter-3.3.4.jar:/Users/adarshkr/.m2/repository/org/springframework/boot/spring-boot/3.3.4/spring-boot-3.3.4.jar:/Users/adarshkr/.m2/repository/org/springframework/spring-context/6.1.13/spring-context-6.1.13.jar:/Users/adarshkr/.m2/repository/org/springframework/spring-aop/6.1.13/spring-aop-6.1.13.jar:/Users/adarshkr/.m2/repository/org/springframework/spring-beans/6.1.13/spring-beans-6.1.13.jar:/Users/adarshkr/.m2/repository/org/springframework/spring-expression/6.1.13/spring-expression-6.1.13.jar:/Users/adarshkr/.m2/repository/io/micrometer/micrometer-observation/1.13.4/micrometer-observation-1.13.4.jar:/Users/adarshkr/.m2/repository/io/micrometer/micrometer-commons/1.13.4/micrometer-commons-1.13.4.jar:/Users/adarshkr/.m2/repository/org/springframework/boot/spring-boot-autoconfigure/3.3.4/spring-boot-autoconfigure-3.3.4.jar:/Users/adarshkr/.m2/repository/org/springframework/boot/spring-boot-starter-logging/3.3.4/spring-boot-starter-logging-3.3.4.jar:/Users/adarshkr/.m2/repository/ch/qos/logback/logback-classic/1.5.8/logback-classic-1.5.8.jar:/Users/adarshkr/.m2/repository/ch/qos/logback/logback-core/1.5.8/logback-core-1.5.8.jar:/Users/adarshkr/.m2/repository/org/apache/logging/log4j/log4j-to-slf4j/2.23.1/log4j-to-slf4j-2.23.1.jar:/Users/adarshkr/.m2/repository/org/apache/logging/log4j/log4j-api/2.23.1/log4j-api-2.23.1.jar:/Users/adarshkr/.m2/repository/org/slf4j/jul-to-slf4j/2.0.16/jul-to-slf4j-2.0.16.jar:/Users/adarshkr/.m2/repository/org/springframework/spring-core/6.1.13/spring-core-6.1.13.jar:/Users/adarshkr/.m2/repository/org/springframework/spring-jcl/6.1.13/spring-jcl-6.1.13.jar:/Users/adarshkr/.m2/repository/org/yaml/snakeyaml/2.2/snakeyaml-2.2.jar:/Users/adarshkr/.m2/repository/org/springframework/boot/spring-boot-starter-test/3.3.4/spring-boot-starter-test-3.3.4.jar:/Users/adarshkr/.m2/repository/org/springframework/boot/spring-boot-test/3.3.4/spring-boot-test-3.3.4.jar:/Users/adarshkr/.m2/repository/org/springframework/boot/spring-boot-test-autoconfigure/3.3.4/spring-boot-test-autoconfigure-3.3.4.jar:/Users/adarshkr/.m2/repository/com/jayway/jsonpath/json-path/2.9.0/json-path-2.9.0.jar:/Users/adarshkr/.m2/repository/org/slf4j/slf4j-api/2.0.16/slf4j-api-2.0.16.jar:/Users/adarshkr/.m2/repository/jakarta/xml/bind/jakarta.xml.bind-api/4.0.2/jakarta.xml.bind-api-4.0.2.jar:/Users/adarshkr/.m2/repository/jakarta/activation/jakarta.activation-api/2.1.3/jakarta.activation-api-2.1.3.jar:/Users/adarshkr/.m2/repository/net/minidev/json-smart/2.5.1/json-smart-2.5.1.jar:/Users/adarshkr/.m2/repository/net/minidev/accessors-smart/2.5.1/accessors-smart-2.5.1.jar:/Users/adarshkr/.m2/repository/org/ow2/asm/asm/9.6/asm-9.6.jar:/Users/adarshkr/.m2/repository/org/assertj/assertj-core/3.25.3/assertj-core-3.25.3.jar:/Users/adarshkr/.m2/repository/net/bytebuddy/byte-buddy/1.14.19/byte-buddy-1.14.19.jar:/Users/adarshkr/.m2/repository/org/awaitility/awaitility/4.2.2/awaitility-4.2.2.jar:/Users/adarshkr/.m2/repository/org/hamcrest/hamcrest/2.2/hamcrest-2.2.jar:/Users/adarshkr/.m2/repository/org/junit/jupiter/junit-jupiter/5.10.3/junit-jupiter-5.10.3.jar:/Users/adarshkr/.m2/repository/org/junit/jupiter/junit-jupiter-api/5.10.3/junit-jupiter-api-5.10.3.jar:/Users/adarshkr/.m2/repository/org/opentest4j/opentest4j/1.3.0/opentest4j-1.3.0.jar:/Users/adarshkr/.m2/repository/org/junit/platform/junit-platform-commons/1.10.3/junit-platform-commons-1.10.3.jar:/Users/adarshkr/.m2/repository/org/apiguardian/apiguardian-api/1.1.2/apiguardian-api-1.1.2.jar:/Users/adarshkr/.m2/repository/org/junit/jupiter/junit-jupiter-params/5.10.3/junit-jupiter-params-5.10.3.jar:/Users/adarshkr/.m2/repository/org/junit/jupiter/junit-jupiter-engine/5.10.3/junit-jupiter-engine-5.10.3.jar:/Users/adarshkr/.m2/repository/org/junit/platform/junit-platform-engine/1.10.3/junit-platform-engine-1.10.3.jar:/Users/adarshkr/.m2/repository/org/mockito/mockito-core/5.11.0/mockito-core-5.11.0.jar:/Users/adarshkr/.m2/repository/net/bytebuddy/byte-buddy-agent/1.14.19/byte-buddy-agent-1.14.19.jar:/Users/adarshkr/.m2/repository/org/objenesis/objenesis/3.3/objenesis-3.3.jar:/Users/adarshkr/.m2/repository/org/mockito/mockito-junit-jupiter/5.11.0/mockito-junit-jupiter-5.11.0.jar:/Users/adarshkr/.m2/repository/org/skyscreamer/jsonassert/1.5.3/jsonassert-1.5.3.jar:/Users/adarshkr/.m2/repository/com/vaadin/external/google/android-json/0.0.20131108.vaadin1/android-json-0.0.20131108.vaadin1.jar:/Users/adarshkr/.m2/repository/org/springframework/spring-test/6.1.13/spring-test-6.1.13.jar:/Users/adarshkr/.m2/repository/org/xmlunit/xmlunit-core/2.9.1/xmlunit-core-2.9.1.jar:/Users/adarshkr/.m2/repository/net/devh/grpc-server-spring-boot-starter/3.1.0.RELEASE/grpc-server-spring-boot-starter-3.1.0.RELEASE.jar:/Users/adarshkr/.m2/repository/net/devh/grpc-common-spring-boot/3.1.0.RELEASE/grpc-common-spring-boot-3.1.0.RELEASE.jar:/Users/adarshkr/.m2/repository/io/grpc/grpc-core/1.63.0/grpc-core-1.63.0.jar:/Users/adarshkr/.m2/repository/com/google/android/annotations/4.1.1.4/annotations-4.1.1.4.jar:/Users/adarshkr/.m2/repository/org/codehaus/mojo/animal-sniffer-annotations/1.23/animal-sniffer-annotations-1.23.jar:/Users/adarshkr/.m2/repository/io/grpc/grpc-context/1.63.0/grpc-context-1.63.0.jar:/Users/adarshkr/.m2/repository/io/grpc/grpc-inprocess/1.63.0/grpc-inprocess-1.63.0.jar:/Users/adarshkr/.m2/repository/io/grpc/grpc-netty-shaded/1.63.0/grpc-netty-shaded-1.63.0.jar:/Users/adarshkr/.m2/repository/io/grpc/grpc-util/1.63.0/grpc-util-1.63.0.jar:/Users/adarshkr/.m2/repository/io/perfmark/perfmark-api/0.26.0/perfmark-api-0.26.0.jar:/Users/adarshkr/.m2/repository/io/grpc/grpc-services/1.63.0/grpc-services-1.63.0.jar:/Users/adarshkr/.m2/repository/com/google/protobuf/protobuf-java-util/3.25.1/protobuf-java-util-3.25.1.jar:/Users/adarshkr/.m2/repository/com/google/j2objc/j2objc-annotations/2.8/j2objc-annotations-2.8.jar:/Users/adarshkr/.m2/repository/com/google/code/gson/gson/2.10.1/gson-2.10.1.jar:/Users/adarshkr/.m2/repository/io/grpc/grpc-api/1.63.0/grpc-api-1.63.0.jar:/Users/adarshkr/.m2/repository/io/grpc/grpc-stub/1.58.0/grpc-stub-1.58.0.jar:/Users/adarshkr/.m2/repository/com/google/guava/guava/32.0.1-android/guava-32.0.1-android.jar:/Users/adarshkr/.m2/repository/com/google/guava/failureaccess/1.0.1/failureaccess-1.0.1.jar:/Users/adarshkr/.m2/repository/com/google/guava/listenablefuture/9999.0-empty-to-avoid-conflict-with-guava/listenablefuture-9999.0-empty-to-avoid-conflict-with-guava.jar:/Users/adarshkr/.m2/repository/org/checkerframework/checker-qual/3.33.0/checker-qual-3.33.0.jar:/Users/adarshkr/.m2/repository/com/google/errorprone/error_prone_annotations/2.20.0/error_prone_annotations-2.20.0.jar:/Users/adarshkr/.m2/repository/io/grpc/grpc-protobuf/1.58.0/grpc-protobuf-1.58.0.jar:/Users/adarshkr/.m2/repository/com/google/code/findbugs/jsr305/3.0.2/jsr305-3.0.2.jar:/Users/adarshkr/.m2/repository/com/google/protobuf/protobuf-java/3.24.0/protobuf-java-3.24.0.jar:/Users/adarshkr/.m2/repository/com/google/api/grpc/proto-google-common-protos/2.22.0/proto-google-common-protos-2.22.0.jar:/Users/adarshkr/.m2/repository/io/grpc/grpc-protobuf-lite/1.58.0/grpc-protobuf-lite-1.58.0.jar:/Users/adarshkr/.m2/repository/jakarta/annotation/jakarta.annotation-api/1.3.5/jakarta.annotation-api-1.3.5.jar:"/>
    <property name="sun.cpu.endian" value="little"/>
    <property name="user.home" value="/Users/adarshkr"/>
    <property name="user.language" value="en"/>
    <property name="java.specification.vendor" value="Oracle Corporation"/>
    <property name="java.version.date" value="2024-07-16"/>
    <property name="java.home" value="/Users/adarshkr/homebrew/Cellar/openjdk@21/21.0.4/libexec/openjdk.jdk/Contents/Home"/>
    <property name="file.separator" value="/"/>
    <property name="basedir" value="/Users/adarshkr/Documents/Projects/Java/Maven/grpcserver"/>
    <property name="java.vm.compressedOopsMode" value="Zero based"/>
    <property name="line.separator" value="&#10;"/>
    <property name="java.vm.specification.vendor" value="Oracle Corporation"/>
    <property name="java.specification.name" value="Java Platform API Specification"/>
    <property name="FILE_LOG_CHARSET" value="UTF-8"/>
    <property name="java.awt.headless" value="true"/>
    <property name="apple.awt.application.name" value="ForkedBooter"/>
    <property name="surefire.real.class.path" value="/Users/adarshkr/Documents/Projects/Java/Maven/grpcserver/target/surefire/surefirebooter-20240929170801259_3.jar"/>
    <property name="sun.management.compiler" value="HotSpot 64-Bit Tiered Compilers"/>
    <property name="ftp.nonProxyHosts" value="local|*.local|169.254/16|*.169.254/16"/>
    <property name="java.runtime.version" value="21.0.4"/>
    <property name="user.name" value="adarshkr"/>
    <property name="stdout.encoding" value="US-ASCII"/>
    <property name="path.separator" value=":"/>
    <property name="os.version" value="14.7"/>
    <property name="java.runtime.name" value="OpenJDK Runtime Environment"/>
    <property name="file.encoding" value="UTF-8"/>
    <property name="java.vm.name" value="OpenJDK 64-Bit Server VM"/>
    <property name="java.vendor.version" value="Homebrew"/>
    <property name="localRepository" value="/Users/adarshkr/.m2/repository"/>
    <property name="java.vendor.url.bug" value="https://github.com/Homebrew/homebrew-core/issues"/>
    <property name="java.io.tmpdir" value="/var/folders/_s/fmvp70796yl06k6sfjl5p9kw0100vk/T/"/>
    <property name="idea.version" value="2022.3.3"/>
    <property name="java.version" value="21.0.4"/>
    <property name="user.dir" value="/Users/adarshkr/Documents/Projects/Java/Maven/grpcserver"/>
    <property name="os.arch" value="aarch64"/>
    <property name="java.vm.specification.name" value="Java Virtual Machine Specification"/>
    <property name="PID" value="75041"/>
    <property name="CONSOLE_LOG_CHARSET" value="UTF-8"/>
    <property name="native.encoding" value="US-ASCII"/>
    <property name="java.library.path" value="/Users/adarshkr/Library/Java/Extensions:/Library/Java/Extensions:/Network/Library/Java/Extensions:/System/Library/Java/Extensions:/usr/lib/java:."/>
    <property name="java.vm.info" value="mixed mode, sharing"/>
    <property name="stderr.encoding" value="US-ASCII"/>
    <property name="java.vendor" value="Homebrew"/>
    <property name="java.vm.version" value="21.0.4"/>
    <property name="sun.io.unicode.encoding" value="UnicodeBig"/>
    <property name="socksNonProxyHosts" value="local|*.local|169.254/16|*.169.254/16"/>
    <property name="java.class.version" value="65.0"/>
    <property name="LOGGED_APPLICATION_NAME" value="[spring-grpc] "/>
  </properties>
  <testcase name="contextLoads" classname="com.adarsh.grpcserver.SpringGrpcApplicationTests" time="0.47">
    <system-out><![CDATA[17:08:01.708 [main] INFO org.springframework.test.context.support.AnnotationConfigContextLoaderUtils -- Could not detect default configuration classes for test class [com.adarsh.grpcserver.SpringGrpcApplicationTests]: SpringGrpcApplicationTests does not declare any static, non-private, non-final, nested classes annotated with @Configuration.
17:08:01.773 [main] INFO org.springframework.boot.test.context.SpringBootTestContextBootstrapper -- Found @SpringBootConfiguration com.adarsh.grpcserver.SpringGrpcApplication for test class com.adarsh.grpcserver.SpringGrpcApplicationTests

  .   ____          _            __ _ _
 /\\ / ___'_ __ _ _(_)_ __  __ _ \ \ \ \
( ( )\___ | '_ | '_| | '_ \/ _` | \ \ \ \
 \\/  ___)| |_)| | | | | || (_| |  ) ) ) )
  '  |____| .__|_| |_|_| |_\__, | / / / /
 =========|_|==============|___/=/_/_/_/

 :: Spring Boot ::                (v3.3.4)

2024-09-29T17:08:01.971+05:30  INFO 75041 --- [spring-grpc] [           main] c.a.g.SpringGrpcApplicationTests         : Starting SpringGrpcApplicationTests using Java 21.0.4 with PID 75041 (started by adarshkr in /Users/adarshkr/Documents/Projects/Java/Maven/grpcserver)
2024-09-29T17:08:01.972+05:30  INFO 75041 --- [spring-grpc] [           main] c.a.g.SpringGrpcApplicationTests         : No active profile set, falling back to 1 default profile: "default"
2024-09-29T17:08:02.303+05:30  INFO 75041 --- [spring-grpc] [           main] g.s.a.GrpcServerFactoryAutoConfiguration : Detected grpc-netty-shaded: Creating ShadedNettyGrpcServerFactory
2024-09-29T17:08:02.458+05:30  INFO 75041 --- [spring-grpc] [           main] n.d.b.g.s.s.AbstractGrpcServerFactory    : Registered gRPC service: Health, bean: heathCheckService, class: com.adarsh.grpcserver.service.HeathCheckService
2024-09-29T17:08:02.460+05:30  INFO 75041 --- [spring-grpc] [           main] n.d.b.g.s.s.AbstractGrpcServerFactory    : Registered gRPC service: HelloWorldService, bean: helloWorldService, class: com.adarsh.grpcserver.service.HelloWorldService
2024-09-29T17:08:02.460+05:30  INFO 75041 --- [spring-grpc] [           main] n.d.b.g.s.s.AbstractGrpcServerFactory    : Registered gRPC service: grpc.health.v1.Health, bean: grpcHealthService, class: io.grpc.protobuf.services.HealthServiceImpl
2024-09-29T17:08:02.460+05:30  INFO 75041 --- [spring-grpc] [           main] n.d.b.g.s.s.AbstractGrpcServerFactory    : Registered gRPC service: grpc.reflection.v1alpha.ServerReflection, bean: protoReflectionService, class: io.grpc.protobuf.services.ProtoReflectionService
2024-09-29T17:08:02.528+05:30  INFO 75041 --- [spring-grpc] [           main] n.d.b.g.s.s.GrpcServerLifecycle          : gRPC Server started, listening on address: *, port: 9090
2024-09-29T17:08:02.533+05:30  INFO 75041 --- [spring-grpc] [           main] c.a.g.SpringGrpcApplicationTests         : Started SpringGrpcApplicationTests in 0.691 seconds (process running for 1.226)
]]></system-out>
    <system-err><![CDATA[WARNING: A Java agent has been loaded dynamically (/Users/adarshkr/.m2/repository/net/bytebuddy/byte-buddy-agent/1.14.19/byte-buddy-agent-1.14.19.jar)
WARNING: If a serviceability tool is in use, please run with -XX:+EnableDynamicAgentLoading to hide this warning
WARNING: If a serviceability tool is not in use, please run with -Djdk.instrument.traceUsage for more information
WARNING: Dynamic loading of agents will be disallowed by default in a future release
]]></system-err>
  </testcase>
</testsuite>